[16:54:02] [Server thread/INFO]: Starting minecraft server version 1.7.10
[16:54:02] [Server console handler/ERROR]: Exception handling console input
java.io.IOException: Controlador no válido
	at java.io.FileInputStream.readBytes(Native Method) ~[?:1.7.0_80-ea]
	at java.io.FileInputStream.read(Unknown Source) ~[?:1.7.0_80-ea]
	at java.io.BufferedInputStream.read1(Unknown Source) ~[?:1.7.0_80-ea]
	at java.io.BufferedInputStream.read(Unknown Source) ~[?:1.7.0_80-ea]
	at sun.nio.cs.StreamDecoder.readBytes(Unknown Source) ~[?:1.7.0_80-ea]
	at sun.nio.cs.StreamDecoder.implRead(Unknown Source) ~[?:1.7.0_80-ea]
	at sun.nio.cs.StreamDecoder.read(Unknown Source) ~[?:1.7.0_80-ea]
	at java.io.InputStreamReader.read(Unknown Source) ~[?:1.7.0_80-ea]
	at java.io.BufferedReader.fill(Unknown Source) ~[?:1.7.0_80-ea]
	at java.io.BufferedReader.readLine(Unknown Source) ~[?:1.7.0_80-ea]
	at java.io.BufferedReader.readLine(Unknown Source) ~[?:1.7.0_80-ea]
	at lv.run(SourceFile:79) [minecraft_server.1.7.10.jar:?]
[16:54:02] [Server thread/INFO]: Loading properties
[16:54:02] [Server thread/INFO]: Default game type: SURVIVAL
[16:54:02] [Server thread/INFO]: Generating keypair
[16:54:03] [Server thread/INFO]: Starting Minecraft server on 25.33.19.212:25565
[16:54:03] [Server thread/WARN]: **** SERVER IS RUNNING IN OFFLINE/INSECURE MODE!
[16:54:03] [Server thread/WARN]: The server will make no attempt to authenticate usernames. Beware.
[16:54:03] [Server thread/WARN]: While this makes the game possible to play without internet access, it also opens up the ability for hackers to connect with any username they choose.
[16:54:03] [Server thread/WARN]: To change this, set "online-mode" to "true" in the server.properties file.
[16:54:03] [Server thread/INFO]: Preparing level "world"
[16:54:03] [Server thread/INFO]: Preparing start region for level 0
[16:54:03] [Server thread/INFO]: Done (0,754s)! For help, type "help" or "?"
[16:54:31] [Server thread/INFO]: Ennaxor[/25.33.19.212:54366] logged in with entity id 348 at (-127.78648045378142, 87.11435596545724, 250.91118660490395)
[16:54:31] [Server thread/INFO]: Ennaxor joined the game
[16:54:55] [Server thread/INFO]: Ennaxor lost connection: TextComponent{text='Disconnected', siblings=[], style=Style{hasParent=false, color=null, bold=null, italic=null, underlined=null, obfuscated=null, clickEvent=null, hoverEvent=null}}
[16:54:55] [Server thread/INFO]: Ennaxor left the game
[16:55:05] [Server thread/INFO]: Stopping the server
[16:55:05] [Server thread/INFO]: Stopping server
[16:55:05] [Server thread/INFO]: Saving players
[16:55:05] [Server thread/INFO]: Saving worlds
[16:55:05] [Server thread/INFO]: Saving chunks for level 'world'/Overworld
[16:55:05] [Server thread/INFO]: Saving chunks for level 'world'/Nether
[16:55:05] [Server thread/INFO]: Saving chunks for level 'world'/The End
[16:55:05] [Server Shutdown Thread/INFO]: Stopping server
